Log file open, 02/08/18 19:44:49
LogInit:Display: Running engine for game: GalaxyGangGame
LogPlatformFile: Not using cached read wrapper
LogInit:Display: RandInit(893794333) SRandInit(893794333).
LogTaskGraph: Started task graph with 5 named threads and 6 total threads with 1 sets of task threads.
LogStats: Stats thread started at 0.066405
LogInit: Using libcurl 7.47.1
LogInit:  - built for x86_64-pc-win32
LogInit:  - supports SSL with OpenSSL/1.0.2g
LogInit:  - supports HTTP deflate (compression) using libz 1.2.8
LogInit:  - other features:
LogInit:      CURL_VERSION_SSL
LogInit:      CURL_VERSION_LIBZ
LogInit:      CURL_VERSION_IPV6
LogInit:      CURL_VERSION_ASYNCHDNS
LogInit:      CURL_VERSION_LARGEFILE
LogInit:      CURL_VERSION_IDN
LogInit:  CurlRequestOptions (configurable via config and command line):
LogInit:  - bVerifyPeer = false  - Libcurl will NOT verify peer certificate
LogInit:  - bUseHttpProxy = false  - Libcurl will NOT use HTTP proxy
LogInit:  - bDontReuseConnections = false  - Libcurl will reuse connections
LogInit:  - CertBundlePath = nullptr  - Libcurl will use whatever was configured at build time.
LogInit: Build: ++UE4+Release-4.15-CL-3450819
LogInit: Engine Version: 4.15.3-3450819+++UE4+Release-4.15
LogInit: Compatible Engine Version: 4.15.0-3299760+++UE4+Release-4.15
LogInit: Net CL: 3299760
LogDevObjectVersion: Number of dev versions registered: 14
LogDevObjectVersion:   Dev-Blueprints (B0D832E4-1F89-4F0D-ACCF-7EB736FD4AA2): 8
LogDevObjectVersion:   Dev-Build (E1C64328-A22C-4D53-A36C-8E866417BD8C): 0
LogDevObjectVersion:   Dev-Core (375EC13C-06E4-48FB-B500-84F0262A717E): 2
LogDevObjectVersion:   Dev-Editor (E4B068ED-F494-42E9-A231-DA0B2E46BB41): 14
LogDevObjectVersion:   Dev-Framework (CFFC743F-43B0-4480-9391-14DF171D2073): 22
LogDevObjectVersion:   Dev-Mobile (B02B49B5-BB20-44E9-A304-32B752E40360): 0
LogDevObjectVersion:   Dev-Networking (A4E4105C-59A1-49B5-A7C5-40C4547EDFEE): 0
LogDevObjectVersion:   Dev-Online (39C831C9-5AE6-47DC-9A44-9C173E1C8E7C): 0
LogDevObjectVersion:   Dev-Physics (78F01B33-EBEA-4F98-B9B4-84EACCB95AA2): 0
LogDevObjectVersion:   Dev-Platform (6631380F-2D4D-43E0-8009-CF276956A95A): 0
LogDevObjectVersion:   Dev-Rendering (12F88B9F-8875-4AFC-A67C-D90C383ABD29): 12
LogDevObjectVersion:   Dev-Sequencer (7B5AE74C-D270-4C10-A958-57980B212A5A): 3
LogDevObjectVersion:   Dev-VR (D7296918-1DD6-4BDD-9DE2-64A83CC13884): 0
LogDevObjectVersion:   Dev-LoadTimes (C2A15278-BFE7-4AFE-6C17-90FF531DF755): 1
LogInit: Compiled (64-bit): May 21 2017 11:02:34
LogInit: Compiled with Visual C++: 19.00.23026.00
LogInit: Build Configuration: Development
LogInit: Branch Name: ++UE4+Release-4.15
LogInit: Command line: 
LogInit: Base directory: C:/Program Files/Epic Games/UE_4.15/Engine/Binaries/Win64/
LogInit: Installed Engine Build: 1
LogInit: Presizing for max 8388607 objects, including 0 objects not considered by GC, pre-allocating 0 bytes for permanent pool.
LogInit: Object subsystem initialized
[2018.02.09-01.44.51:499][  0]LogInit: Selected Device Profile: [Windows]
[2018.02.09-01.44.51:499][  0]LogInit: Applying CVar settings loaded from the selected device profile: [Windows]
[2018.02.09-01.44.51:577][  0]LogInit: Computer: DESKTOP-SSSFMAE
[2018.02.09-01.44.51:577][  0]LogInit: User: Richa
[2018.02.09-01.44.51:577][  0]LogInit: CPU Page size=65536, Cores=2
[2018.02.09-01.44.51:577][  0]LogInit: High frequency timer resolution =2.343752 MHz
[2018.02.09-01.44.51:577][  0]LogMemory: Memory total: Physical=7.9GB (8GB approx)
[2018.02.09-01.44.51:577][  0]LogMemory: Platform Memory Stats for Windows
[2018.02.09-01.44.51:577][  0]LogMemory: Process Physical Memory: 265.16 MB used, 265.16 MB peak
[2018.02.09-01.44.51:577][  0]LogMemory: Process Virtual Memory: 275.04 MB used, 275.04 MB peak
[2018.02.09-01.44.51:577][  0]LogMemory: Physical Memory: 4632.32 MB used,  3464.34 MB free, 8096.66 MB total
[2018.02.09-01.44.51:577][  0]LogMemory: Virtual Memory: 694.10 MB used,  3464.34 MB free, 134217728.00 MB total
[2018.02.09-01.44.52:982][  0]LogTextLocalizationManager: No specific translations for ('en-US') exist, so ('en') translations will be used.
[2018.02.09-01.44.59:320][  0]LogD3D11RHI: D3D11 adapters:
[2018.02.09-01.44.59:337][  0]LogD3D11RHI:    0. 'Intel(R) HD Graphics 620' (Feature Level 11_0)
[2018.02.09-01.44.59:337][  0]LogD3D11RHI:       128/0/4048 MB DedicatedVideo/DedicatedSystem/SharedSystem, Outputs:1, VendorId:0x8086
[2018.02.09-01.44.59:657][  0]LogD3D11RHI:    1. 'Microsoft Basic Render Driver' (Feature Level 11_0)
[2018.02.09-01.44.59:657][  0]LogD3D11RHI:       0/0/4048 MB DedicatedVideo/DedicatedSystem/SharedSystem, Outputs:0, VendorId:0x1414
[2018.02.09-01.44.59:657][  0]LogD3D11RHI: Chosen D3D11 Adapter: 0
[2018.02.09-01.44.59:665][  0]LogD3D11RHI: Creating new Direct3DDevice
[2018.02.09-01.44.59:665][  0]LogD3D11RHI:     GPU DeviceId: 0x5916 (for the marketing name, search the web for "GPU Device Id")
[2018.02.09-01.44.59:665][  0]LogWindows: EnumDisplayDevices:
[2018.02.09-01.44.59:666][  0]LogWindows:    0. 'Intel(R) HD Graphics 620' (P:1 D:1)
[2018.02.09-01.44.59:666][  0]LogWindows:    1. 'Intel(R) HD Graphics 620' (P:0 D:0)
[2018.02.09-01.44.59:666][  0]LogWindows:    2. 'Intel(R) HD Graphics 620' (P:0 D:0)
[2018.02.09-01.44.59:666][  0]LogWindows: DebugString: GetVideoDriverDetailsInvalid PrimaryIsNotTheChoosenAdapter GetVideoDriverDetailsInvalid PrimaryIsNotTheChoosenAdapter GetVideoDriverDetailsInvalid PrimaryIsNotTheChoosenAdapter FoundDriverCount:0 
[2018.02.09-01.44.59:666][  0]LogD3D11RHI:     Adapter Name: Intel(R) HD Graphics 620
[2018.02.09-01.44.59:666][  0]LogD3D11RHI:   Driver Version: Unknown (internal:Unknown, unified:Unknown)
[2018.02.09-01.44.59:666][  0]LogD3D11RHI:      Driver Date: Unknown
[2018.02.09-01.44.59:666][  0]LogRHI: Texture pool is 1361 MB (70% of 1945 MB)
[2018.02.09-01.44.59:681][  0]LogD3D11RHI: Async texture creation enabled
[2018.02.09-01.44.59:699][  0]LogD3D11RHI: GPU Timing Frequency: 12.000000 (Debug: 2 0)
[2018.02.09-01.44.59:702][  0]LogShaderCompilers: Guid format shader working directory is -3 characters bigger than the processId version (../../../../../../Users/Richa/Desktop/GalaxyGang/Intermediate/Shaders/WorkingDirectory/12832/).
[2018.02.09-01.44.59:794][  0]LogShaderCompilers: Cleaned the shader compiler working directory 'C:/Users/Richa/AppData/Local/Temp/UnrealShaderWorkingDir/CD0E908642A0CE3CB08864910161E964/'.
[2018.02.09-01.44.59:794][  0]LogShaderCompilers:Display: Using Local Shader Compiler.
[2018.02.09-01.45.05:668][  0]LogTemp:Display: Loaded TP AllDesktopTargetPlatform
[2018.02.09-01.45.05:737][  0]LogTemp:Display: Loaded TP MacClientTargetPlatform
[2018.02.09-01.45.05:805][  0]LogTemp:Display: Loaded TP MacNoEditorTargetPlatform
[2018.02.09-01.45.05:877][  0]LogTemp:Display: Loaded TP MacServerTargetPlatform
[2018.02.09-01.45.05:994][  0]LogTemp:Display: Loaded TP MacTargetPlatform
[2018.02.09-01.45.06:064][  0]LogTemp:Display: Loaded TP WindowsClientTargetPlatform
[2018.02.09-01.45.06:136][  0]LogTemp:Display: Loaded TP WindowsNoEditorTargetPlatform
[2018.02.09-01.45.06:206][  0]LogTemp:Display: Loaded TP WindowsServerTargetPlatform
[2018.02.09-01.45.06:264][  0]LogTemp:Display: Loaded TP WindowsTargetPlatform
[2018.02.09-01.45.06:388][  0]LogTemp:Display: Loaded TP AndroidTargetPlatform
[2018.02.09-01.45.06:460][  0]LogTemp:Display: Loaded TP Android_ASTCTargetPlatform
[2018.02.09-01.45.06:529][  0]LogTemp:Display: Loaded TP Android_ATCTargetPlatform
[2018.02.09-01.45.06:600][  0]LogTemp:Display: Loaded TP Android_DXTTargetPlatform
[2018.02.09-01.45.06:670][  0]LogTemp:Display: Loaded TP Android_ETC1TargetPlatform
[2018.02.09-01.45.06:740][  0]LogTemp:Display: Loaded TP Android_ETC2TargetPlatform
[2018.02.09-01.45.06:905][  0]LogTemp:Display: Loaded TP Android_MultiTargetPlatform
[2018.02.09-01.45.06:905][  0]LogTemp:Display: Loaded TP Android_PVRTCTargetPlatform
[2018.02.09-01.45.06:955][  0]LogTemp:Display: Loaded TP HTML5TargetPlatform
[2018.02.09-01.45.07:104][  0]LogTemp:Display: Loaded TP IOSTargetPlatform
[2018.02.09-01.45.07:149][  0]LogTemp:Display: Loaded TP TVOSTargetPlatform
[2018.02.09-01.45.07:218][  0]LogTemp:Display: Loaded TP LinuxClientTargetPlatform
[2018.02.09-01.45.07:288][  0]LogTemp:Display: Loaded TP LinuxNoEditorTargetPlatform
[2018.02.09-01.45.07:357][  0]LogTemp:Display: Loaded TP LinuxServerTargetPlatform
[2018.02.09-01.45.07:428][  0]LogTemp:Display: Loaded TP LinuxTargetPlatform
[2018.02.09-01.45.07:428][  0]LogTargetPlatformManager:Display: Building Assets For Windows
[2018.02.09-01.45.08:501][  0]LogDerivedDataCache:Display: Max Cache Size: 512 MB
[2018.02.09-01.45.09:780][  0]LogDerivedDataCache: Loaded boot cache 1.25s 52MB C:/Users/Richa/AppData/Local/UnrealEngine/4.15/DerivedDataCache/Boot.ddc.
[2018.02.09-01.45.09:780][  0]LogDerivedDataCache:Display: Loaded Boot cache: C:/Users/Richa/AppData/Local/UnrealEngine/4.15/DerivedDataCache/Boot.ddc
[2018.02.09-01.45.09:781][  0]LogDerivedDataCache: FDerivedDataBackendGraph:  Pak pak cache file ../../../../../../Users/Richa/Desktop/GalaxyGang/DerivedDataCache/DDC.ddp not found, will not use a pak cache.
[2018.02.09-01.45.09:781][  0]LogDerivedDataCache: Unable to find inner node Pak for hierarchical cache Hierarchy.
[2018.02.09-01.45.09:781][  0]LogDerivedDataCache: FDerivedDataBackendGraph:  CompressedPak pak cache file ../../../../../../Users/Richa/Desktop/GalaxyGang/DerivedDataCache/Compressed.ddp not found, will not use a pak cache.
[2018.02.09-01.45.09:781][  0]LogDerivedDataCache: Unable to find inner node CompressedPak for hierarchical cache Hierarchy.
[2018.02.09-01.45.09:823][  0]LogDerivedDataCache:Display: Pak cache opened for reading ../../../Engine/DerivedDataCache/Compressed.ddp.
[2018.02.09-01.45.09:902][  0]LogDerivedDataCache: Using Local data cache path C:/Users/Richa/AppData/Local/UnrealEngine/Common/DerivedDataCache: Writable
[2018.02.09-01.45.09:916][  0]LogSlate: Using Freetype 2.6.0
[2018.02.09-01.45.10:010][  0]LogSlate: SlateFontCache - WITH_FREETYPE: 1, WITH_HARFBUZZ: 1
[2018.02.09-01.45.10:010][  0]LogSlate: SlateFontCache - WITH_FREETYPE: 1, WITH_HARFBUZZ: 1
[2018.02.09-01.45.15:308][  0]LogInit: Selected Device Profile: [Windows]
[2018.02.09-01.45.15:311][  0]LogContentStreaming: Texture pool size is 0.00 MB
[2018.02.09-01.45.15:760][  0]LogMeshUtilities: Using QuadricMeshReduction for automatic static mesh reduction
[2018.02.09-01.45.15:840][  0]LogSimplygon: Simplygon DLL not present - disabling.
[2018.02.09-01.45.15:919][  0]LogMeshUtilities: Using SimplygonSwarm for distributed automatic mesh merging
[2018.02.09-01.45.15:919][  0]LogMeshUtilities: No automatic skeletal mesh reduction module available
[2018.02.09-01.45.15:919][  0]LogMeshUtilities: No automatic mesh merging module available
[2018.02.09-01.45.18:099][  0]LogNetVersion: GetLocalNetworkVersion: CL: 3299760, ProjectName: galaxyganggame, ProjectVersion: , EngineNetworkVersion: 2, GameNetworkVersion: 0, NetworkChecksum: 3878788453
[2018.02.09-01.45.18:188][  0]LogAssetRegistry: FAssetRegistry took 0.0316 seconds to start up
[2018.02.09-01.45.18:271][  0]LogPackageLocalizationCache: Processed 3 localized package path(s) for 2 prioritized culture(s) in 0.059060 seconds
[2018.02.09-01.45.18:279][  0]LogUObjectArray: 32493 objects as part of root set at end of initial load.
[2018.02.09-01.45.18:279][  0]LogUObjectAllocator: 7077032 out of 0 bytes used by permanent object pool.
[2018.02.09-01.45.18:279][  0]LogUObjectArray: CloseDisregardForGC: 0/0 objects in disregard for GC pool
[2018.02.09-01.45.18:390][  0]LogInit: WinSock: version 1.1 (2.2), MaxSocks=32767, MaxUdp=65467
[2018.02.09-01.45.45:362][  0]LogTcpMessaging: Initializing TcpMessaging bridge
[2018.02.09-01.45.45:421][  0]LogUdpMessaging: Initializing bridge on interface 0.0.0.0:0 to multicast group 230.0.0.1:6666.
[2018.02.09-01.45.46:728][  0]LogMaterial: Uniform references updated for custom material expression Custom.
[2018.02.09-01.45.47:363][  0]SourceControl: Info Source control is disabled
[2018.02.09-01.45.50:775][  0]LogEngine: Initializing Engine...
[2018.02.09-01.45.50:776][  0]LogHMD: Failed to initialize OpenVR with code 110
[2018.02.09-01.45.50:968][  0]LogStats: UGameplayTagsManager::ConstructGameplayTagTree: Construct from data asset -  0.000 s
[2018.02.09-01.45.50:968][  0]LogStats: UGameplayTagsManager::ConstructGameplayTagTree: GameplayTagTreeChangedEvent.Broadcast -  0.000 s
[2018.02.09-01.45.51:138][  0]LogAIModule: Creating AISystem for world Untitled
[2018.02.09-01.45.51:166][  0]LogInit: XAudio2 using 'Speakers (Realtek High Definition Audio)' : 2 channels at 48 kHz using 32 bits per sample (channel mask 0x3)
[2018.02.09-01.45.51:230][  0]LogInit: FAudioDevice initialized.
[2018.02.09-01.45.51:277][  0]LogDerivedDataCache: Saved boot cache 0.05s 52MB C:/Users/Richa/AppData/Local/UnrealEngine/4.15/DerivedDataCache/Boot.ddc.
[2018.02.09-01.45.51:283][  0]LogInit: Texture streaming: Enabled
[2018.02.09-01.45.51:467][  0]LogEngineSessionManager: EngineSessionManager initialized
[2018.02.09-01.45.51:635][  0]LogInit: Transaction tracking system initialized
[2018.02.09-01.45.52:124][  0]BlueprintLog: New page: Editor Load
[2018.02.09-01.45.53:656][  0]LocalizationService: Info Localization service is disabled
[2018.02.09-01.45.54:799][  0]LogConsoleResponse:Display: 
[2018.02.09-01.45.55:914][  0]LogCook:Display: Max memory allowance for cook 16384mb min free memory 0mb
[2018.02.09-01.45.55:914][  0]LogCook:Display: Mobile HDR setting 1
[2018.02.09-01.46.00:945][  0]Cmd: MAP LOAD FILE="../../../../../../Users/Richa/Desktop/GalaxyGang/Content/GalaxyGangGame/Levels/Galaxy_Of_Dreams+Home_Fountain_Island.umap" TEMPLATE=0 SHOWPROGRESS=1 FEATURELEVEL=3
[2018.02.09-01.46.00:945][  0]LogEditorServer:Warning: Can't find file '../../../../../../Users/Richa/Desktop/GalaxyGang/Content/GalaxyGangGame/Levels/Galaxy_Of_Dreams+Home_Fountain_Island.umap'
[2018.02.09-01.46.00:945][  0]Cmd: MAP CHECKDEP NOCLEARLOG
[2018.02.09-01.46.00:989][  0]MapCheck: Info Map check complete: 0 Error(s), 0 Warning(s), took 44.182ms to complete.
[2018.02.09-01.46.00:989][  0]LogFileHelpers: Loading map 'Galaxy_Of_Dreams+Home_Fountain_Island' took 0.045
[2018.02.09-01.46.01:269][  0]LogCollectionManager: Loaded 0 collections in 0.002312 seconds
[2018.02.09-01.46.01:326][  0]LogCollectionManager: Rebuilt the GUID cache for 0 collections in 0.000003 seconds
[2018.02.09-01.46.01:337][  0]LogContentBrowser: Native class hierarchy populated in 0.0108 seconds. Added 2245 classes and 453 folders.
[2018.02.09-01.46.01:465][  0]LogContentBrowser: Native class hierarchy updated for 'WidgetCarousel' in 0.0006 seconds. Added 0 classes and 0 folders.
[2018.02.09-01.46.04:021][  0]LogFileCache: Scanning file cache for directory 'C:/Users/Richa/Desktop/GalaxyGang/Saved/Collections/' took 1.00s
[2018.02.09-01.46.04:021][  0]LogFileCache: Scanning file cache for directory 'C:/Users/Richa/Desktop/GalaxyGang/Content/Developers/Richa/Collections/' took 1.00s
[2018.02.09-01.46.04:021][  0]LogFileCache: Scanning file cache for directory 'C:/Users/Richa/Desktop/GalaxyGang/Content/Collections/' took 1.00s
[2018.02.09-01.46.04:021][  0]LogFileCache: Scanning file cache for directory 'C:/Users/Richa/Desktop/GalaxyGang/Content/' took 6.54s
[2018.02.09-01.46.04:021][  0]LogContentBrowser: Native class hierarchy updated for 'AddContentDialog' in 0.0007 seconds. Added 0 classes and 0 folders.
[2018.02.09-01.46.04:423][  0]LogContentBrowser: Native class hierarchy updated for 'SceneOutliner' in 0.0007 seconds. Added 1 classes and 2 folders.
[2018.02.09-01.46.04:613][  0]LogCrashTracker: Crashtracker disabled due to settings.
[2018.02.09-01.46.04:633][  0]LogUObjectGlobals:Warning: Failed to find object 'Class None.'
[2018.02.09-01.46.04:732][  0]LogContentBrowser: Native class hierarchy updated for 'HierarchicalLODOutliner' in 0.0007 seconds. Added 1 classes and 2 folders.
[2018.02.09-01.46.04:732][  0]LogLoad: (Engine Initialization) Total time: 84.04 seconds
[2018.02.09-01.46.04:732][  0]LogLoad: (Engine Initialization) Total Blueprint compile time: 0.24 seconds
[2018.02.09-01.46.04:732][  0]LogExternalProfiler: No external profilers were discovered.  External profiling features will not be available.
[2018.02.09-01.46.05:073][  0]LogOcInput: OculusInput pre-init called
[2018.02.09-01.46.05:173][  0]SourceControl: Info On branch master
[2018.02.09-01.46.05:173][  0]SourceControl: Info Your branch is behind 'origin/master' by 1 commit, and can be fast-forwarded.
[2018.02.09-01.46.05:173][  0]SourceControl: Info   (use "git pull" to update your local branch)
[2018.02.09-01.46.05:173][  0]SourceControl: Info Changes to be committed:
[2018.02.09-01.46.05:173][  0]SourceControl: Info   (use "git reset HEAD <file>..." to unstage)
[2018.02.09-01.46.05:173][  0]SourceControl: Info 	new file:   Content/Environments/ALLPlantation/CactusF_fbm/CactusSpikesTX2.uasset
[2018.02.09-01.46.05:173][  0]SourceControl: Info 	new file:   Content/Environments/ALLPlantation/CactusF_fbm/CactusTX1.uasset
[2018.02.09-01.46.05:173][  0]SourceControl: Info 	new file:   Content/Environments/DryMoons/HighRuin.uasset
[2018.02.09-01.46.05:173][  0]SourceControl: Info 	new file:   Content/Environments/DryMoons/MeshesForBPMod/Chuch_InvWall.uasset
[2018.02.09-01.46.05:173][  0]SourceControl: Info 	new file:   Content/Environments/DryMoons/MeshesForBPMod/RoadRuin_InvWall.uasset
[2018.02.09-01.46.05:173][  0]SourceControl: Info Changes not staged for commit:
[2018.02.09-01.46.05:173][  0]SourceControl: Info   (use "git add <file>..." to update what will be committed)
[2018.02.09-01.46.05:173][  0]SourceControl: Info   (use "git checkout -- <file>..." to discard changes in working directory)
[2018.02.09-01.46.05:173][  0]SourceControl: Info 	modified:   Content/Environments/ALLPlantation/CactusF.uasset
[2018.02.09-01.46.05:173][  0]SourceControl: Info 	modified:   Content/Environments/AllAround/Room_2.uasset
[2018.02.09-01.46.05:173][  0]SourceControl: Info 	modified:   Content/Environments/AllAround/Room_Hill_v2.uasset
[2018.02.09-01.46.05:173][  0]SourceControl: Info 	modified:   Content/Environments/AllAround/Room_Turn.uasset
[2018.02.09-01.46.05:173][  0]SourceControl: Info 	modified:   Content/Environments/AllAround/Skylight.uasset
[2018.02.09-01.46.05:173][  0]SourceControl: Info 	modified:   Content/Environments/DryMoons/Arch.uasset
[2018.02.09-01.46.05:173][  0]SourceControl: Info 	modified:   Content/Environments/DryMoons/CircleStatue.uasset
[2018.02.09-01.46.05:173][  0]SourceControl: Info 	modified:   Content/Environments/DryMoons/DiamondStatue.uasset
[2018.02.09-01.46.05:173][  0]SourceControl: Info 	modified:   Content/Environments/DryMoons/MeshesForBPMod/Chuch.uasset
[2018.02.09-01.46.05:174][  0]SourceControl: Info 	modified:   Content/Environments/DryMoons/MeshesForBPMod/ChuchRoof.uasset
[2018.02.09-01.46.05:174][  0]SourceControl: Info 	modified:   Content/Environments/DryMoons/RoadRuin.uasset
[2018.02.09-01.46.05:174][  0]SourceControl: Info 	modified:   Content/Environments/DryMoons/Room_Hill_v2.uasset
[2018.02.09-01.46.05:174][  0]SourceControl: Info 	modified:   Content/Environments/DryMoons/RuinWall.uasset
[2018.02.09-01.46.05:174][  0]SourceControl: Info 	modified:   Content/Environments/DryMoons/SandMoral.uasset
[2018.02.09-01.46.05:174][  0]SourceControl: Info 	modified:   Content/Environments/DryMoons/StoneStairs.uasset
[2018.02.09-01.46.05:174][  0]SourceControl: Info 	modified:   Content/Environments/DryMoons/SunDial2.uasset
[2018.02.09-01.46.05:174][  0]SourceControl: Info 	modified:   Content/Environments/DryMoons/SunDialHand.uasset
[2018.02.09-01.46.05:174][  0]SourceControl: Info 	modified:   Content/Environments/DryMoons/TriangleStatue.uasset
[2018.02.09-01.46.05:174][  0]SourceControl: Info 	modified:   Content/Environments/PiratePlanet/MeshesForBPMod/LightBeam_Cone.uasset
[2018.02.09-01.46.05:174][  0]SourceControl: Info 	modified:   Content/Environments/PiratePlanet/MeshesForBPMod/LighthouseSilo.uasset
[2018.02.09-01.46.05:174][  0]SourceControl: Info 	modified:   Content/Environments/WorldEdges/MoonEdge.uasset
[2018.02.09-01.46.05:174][  0]SourceControl: Info 	modified:   Content/Props/Assets/Ladder.uasset
[2018.02.09-01.46.05:174][  0]SourceControl: Info 	modified:   Intermediate/CachedAssetRegistry.bin
[2018.02.09-01.46.05:174][  0]SourceControl: Info 	modified:   Intermediate/ReimportCache/3688439234.bin
[2018.02.09-01.46.05:174][  0]SourceControl: Info Untracked files:
[2018.02.09-01.46.05:174][  0]SourceControl: Info   (use "git add <file>..." to include in what will be committed)
[2018.02.09-01.46.05:174][  0]SourceControl: Info 	Content/Environments/ALLPlantation/CactusF.fbm/
[2018.02.09-01.46.05:174][  0]SourceControl: Info 	Content/Levels/W01_GalaxyOfDreams/Galaxy_Of_Dreams+Home_Fountain_Island_Auto5.umap
[2018.02.09-01.46.05:174][  0]LogContentStreaming: Texture pool size now 1000 MB
[2018.02.09-01.46.05:191][  0]LogSlate: Took 0.015777 seconds to synchronously load lazily loaded font '../../../Engine/Content/Slate/Fonts/Roboto-Regular.ttf' (155K)
[2018.02.09-01.46.05:249][  0]LogSlate: Took 0.054209 seconds to synchronously load lazily loaded font '../../../Engine/Content/Editor/Slate/Fonts/FontAwesome.ttf' (139K)
[2018.02.09-01.46.05:312][  0]LogSlate: Took 0.062013 seconds to synchronously load lazily loaded font '../../../Engine/Content/Slate/Fonts/Roboto-Bold.ttf' (160K)
[2018.02.09-01.46.05:348][  0]LogSlate: Took 0.000404 seconds to synchronously load lazily loaded font '../../../Engine/Content/Slate/Fonts/Roboto-Light.ttf' (159K)
[2018.02.09-01.46.05:493][  0]LogRenderer: Reallocating scene render targets to support 740x708 NumSamples 1 (Frame:2).
[2018.02.09-01.46.08:473][  3]LogAssetRegistry: Asset discovery search completed in 50.3166 seconds
[2018.02.09-01.46.08:473][  3]LogCollectionManager: Rebuilt the object cache for 0 collections in 0.000006 seconds (found 0 objects)
[2018.02.09-01.46.08:473][  3]LogCollectionManager: Fixed up redirectors for 0 collections in 0.000024 seconds (updated 0 objects)
[2018.02.09-01.47.16:055][205]LogFileCache: Retrieving MD5 hashes for directory 'C:/Users/Richa/Desktop/GalaxyGang/Content/' took 70.97s
[2018.02.09-01.48.04:344][349]LogSlate: Took 0.026284 seconds to synchronously load lazily loaded font '../../../Engine/Content/Slate/Fonts/Roboto-Light.ttf' (159K)
[2018.02.09-02.01.11:121][747]AssetReimport: New page: Detailed File System Changes from 8:01:11 PM
[2018.02.09-02.01.11:205][747]AssetReimport: Info 'C:/Users/Richa/Desktop/GalaxyGang/Content/Textures/DryTXs/LevitatingPlatformRibbon_TX.png' has been created.
[2018.02.09-02.01.11:205][747]AssetReimport: Info 'C:/Users/Richa/Desktop/GalaxyGang/Content/Textures/DryTXs/DryYellow_TX.png' has been created.
[2018.02.09-02.01.11:205][747]AssetReimport: Info 'C:/Users/Richa/Desktop/GalaxyGang/Content/Textures/DryTXs/LevitatingPlatform_OutsideTX.png' has been created.
[2018.02.09-02.01.11:205][747]AssetReimport: Info 'C:/Users/Richa/Desktop/GalaxyGang/Content/Textures/DryTXs/DryOrange_TX.png' has been created.
[2018.02.09-02.01.11:205][747]AssetReimport: Info 'C:/Users/Richa/Desktop/GalaxyGang/Content/Textures/DryTXs/DryGreen_TX.png' has been created.
[2018.02.09-02.01.11:205][747]AssetReimport: Info 'C:/Users/Richa/Desktop/GalaxyGang/Content/Textures/DryTXs/DryBlue_TX.png' has been created.
[2018.02.09-02.01.42:657][ 85]AssetReimport: New page: Outstanding source content changes 2:01:42 PM
[2018.02.09-02.01.43:058][ 87]LogEditorFactories: Performing atomic reimport of [C:/Users/Richa/Desktop/GalaxyGang/Content/Textures/DryTXs/LevitatingPlatformRibbon_TX.png]
[2018.02.09-02.01.43:058][ 87]LogFactory: FactoryCreateFile: Texture2D with ReimportTextureFactory (0 0 C:/Users/Richa/Desktop/GalaxyGang/Content/Textures/DryTXs/LevitatingPlatformRibbon_TX.png)
[2018.02.09-02.01.43:632][ 87]LogEditorFactories: -- imported successfully
[2018.02.09-02.01.43:887][ 88]LogEditorFactories: Performing atomic reimport of [C:/Users/Richa/Desktop/GalaxyGang/Content/Textures/DryTXs/DryYellow_TX.png]
[2018.02.09-02.01.43:887][ 88]LogFactory: FactoryCreateFile: Texture2D with ReimportTextureFactory (0 0 C:/Users/Richa/Desktop/GalaxyGang/Content/Textures/DryTXs/DryYellow_TX.png)
[2018.02.09-02.01.43:915][ 88]LogEditorFactories: -- imported successfully
[2018.02.09-02.01.44:099][ 89]LogEditorFactories: Performing atomic reimport of [C:/Users/Richa/Desktop/GalaxyGang/Content/Textures/DryTXs/LevitatingPlatform_OutsideTX.png]
[2018.02.09-02.01.44:099][ 89]LogFactory: FactoryCreateFile: Texture2D with ReimportTextureFactory (0 0 C:/Users/Richa/Desktop/GalaxyGang/Content/Textures/DryTXs/LevitatingPlatform_OutsideTX.png)
[2018.02.09-02.01.44:300][ 89]LogEditorFactories: -- imported successfully
[2018.02.09-02.01.44:393][ 90]LogEditorFactories: Performing atomic reimport of [C:/Users/Richa/Desktop/GalaxyGang/Content/Textures/DryTXs/DryOrange_TX.png]
[2018.02.09-02.01.44:393][ 90]LogFactory: FactoryCreateFile: Texture2D with ReimportTextureFactory (0 0 C:/Users/Richa/Desktop/GalaxyGang/Content/Textures/DryTXs/DryOrange_TX.png)
[2018.02.09-02.01.44:403][ 90]LogEditorFactories: -- imported successfully
[2018.02.09-02.01.44:512][ 91]LogEditorViewport: Clicking Background
[2018.02.09-02.01.44:610][ 91]LogEditorFactories: Performing atomic reimport of [C:/Users/Richa/Desktop/GalaxyGang/Content/Textures/DryTXs/DryGreen_TX.png]
[2018.02.09-02.01.44:610][ 91]LogFactory: FactoryCreateFile: Texture2D with ReimportTextureFactory (0 0 C:/Users/Richa/Desktop/GalaxyGang/Content/Textures/DryTXs/DryGreen_TX.png)
[2018.02.09-02.01.44:650][ 91]LogEditorFactories: -- imported successfully
[2018.02.09-02.01.44:741][ 92]LogEditorFactories: Performing atomic reimport of [C:/Users/Richa/Desktop/GalaxyGang/Content/Textures/DryTXs/DryBlue_TX.png]
[2018.02.09-02.01.44:741][ 92]LogFactory: FactoryCreateFile: Texture2D with ReimportTextureFactory (0 0 C:/Users/Richa/Desktop/GalaxyGang/Content/Textures/DryTXs/DryBlue_TX.png)
[2018.02.09-02.01.44:751][ 92]LogEditorFactories: -- imported successfully
[2018.02.09-02.01.45:271][ 93]LogSlate: Took 0.000170 seconds to synchronously load lazily loaded font '../../../Engine/Content/Slate/Fonts/Roboto-Light.ttf' (159K)
[2018.02.09-02.01.45:977][ 93]LogSavePackage: Save=123.22ms
[2018.02.09-02.01.45:977][ 93]LogSavePackage: Moving '../../../../../../Users/Richa/Desktop/GalaxyGang/Saved/LevitatingPlatformRibbon_TXA05C8227454857F9DB86BEAF53676E3D.tmp' to '../../../../../../Users/Richa/Desktop/GalaxyGang/Content/Textures/DryTXs/LevitatingPlatformRibbon_TX.uasset'
[2018.02.09-02.01.46:028][ 93]LogSavePackage:Display: Finished SavePackage ../../../../../../Users/Richa/Desktop/GalaxyGang/Content/Textures/DryTXs/LevitatingPlatformRibbon_TX.uasset
[2018.02.09-02.01.46:056][ 93]Cmd: OBJ SAVEPACKAGE PACKAGE="/Game/Textures/DryTXs/DryYellow_TX" FILE="../../../../../../Users/Richa/Desktop/GalaxyGang/Content/Textures/DryTXs/DryYellow_TX.uasset" SILENT=true
[2018.02.09-02.01.46:069][ 93]LogSavePackage: Save=5.07ms
[2018.02.09-02.01.46:070][ 93]LogSavePackage: Moving '../../../../../../Users/Richa/Desktop/GalaxyGang/Saved/DryYellow_TX1D8253194F86987FBC9DDE8C9512870C.tmp' to '../../../../../../Users/Richa/Desktop/GalaxyGang/Content/Textures/DryTXs/DryYellow_TX.uasset'
[2018.02.09-02.01.46:075][ 93]LogSavePackage:Display: Finished SavePackage ../../../../../../Users/Richa/Desktop/GalaxyGang/Content/Textures/DryTXs/DryYellow_TX.uasset
[2018.02.09-02.01.46:180][ 93]LogSavePackage: Save=66.18ms
[2018.02.09-02.01.46:180][ 93]LogSavePackage: Moving '../../../../../../Users/Richa/Desktop/GalaxyGang/Saved/LevitatingPlatform_OutsideTX3897AFBB4D63F6B29645F98E380362A0.tmp' to '../../../../../../Users/Richa/Desktop/GalaxyGang/Content/Textures/DryTXs/LevitatingPlatform_OutsideTX.uasset'
[2018.02.09-02.01.46:206][ 93]LogSavePackage:Display: Finished SavePackage ../../../../../../Users/Richa/Desktop/GalaxyGang/Content/Textures/DryTXs/LevitatingPlatform_OutsideTX.uasset
[2018.02.09-02.01.46:221][ 93]Cmd: OBJ SAVEPACKAGE PACKAGE="/Game/Textures/DryTXs/DryOrange_TX" FILE="../../../../../../Users/Richa/Desktop/GalaxyGang/Content/Textures/DryTXs/DryOrange_TX.uasset" SILENT=true
[2018.02.09-02.01.46:234][ 93]LogSavePackage: Save=5.13ms
[2018.02.09-02.01.46:234][ 93]LogSavePackage: Moving '../../../../../../Users/Richa/Desktop/GalaxyGang/Saved/DryOrange_TX97FFD3444CC7629C7CA9B6A5FBDD4BB1.tmp' to '../../../../../../Users/Richa/Desktop/GalaxyGang/Content/Textures/DryTXs/DryOrange_TX.uasset'
[2018.02.09-02.01.46:239][ 93]LogSavePackage:Display: Finished SavePackage ../../../../../../Users/Richa/Desktop/GalaxyGang/Content/Textures/DryTXs/DryOrange_TX.uasset
[2018.02.09-02.01.46:254][ 93]Cmd: OBJ SAVEPACKAGE PACKAGE="/Game/Textures/DryTXs/DryGreen_TX" FILE="../../../../../../Users/Richa/Desktop/GalaxyGang/Content/Textures/DryTXs/DryGreen_TX.uasset" SILENT=true
[2018.02.09-02.01.46:287][ 93]LogSavePackage: Save=4.83ms
[2018.02.09-02.01.46:287][ 93]LogSavePackage: Moving '../../../../../../Users/Richa/Desktop/GalaxyGang/Saved/DryGreen_TXA33FE9D7421FDF55FA1ED5A9467DA0C7.tmp' to '../../../../../../Users/Richa/Desktop/GalaxyGang/Content/Textures/DryTXs/DryGreen_TX.uasset'
[2018.02.09-02.01.46:293][ 93]LogSavePackage:Display: Finished SavePackage ../../../../../../Users/Richa/Desktop/GalaxyGang/Content/Textures/DryTXs/DryGreen_TX.uasset
[2018.02.09-02.01.46:307][ 93]Cmd: OBJ SAVEPACKAGE PACKAGE="/Game/Textures/DryTXs/DryBlue_TX" FILE="../../../../../../Users/Richa/Desktop/GalaxyGang/Content/Textures/DryTXs/DryBlue_TX.uasset" SILENT=true
[2018.02.09-02.01.46:320][ 93]LogSavePackage: Save=4.81ms
[2018.02.09-02.01.46:320][ 93]LogSavePackage: Moving '../../../../../../Users/Richa/Desktop/GalaxyGang/Saved/DryBlue_TX32DE4874491EF51D9A7459B49125167A.tmp' to '../../../../../../Users/Richa/Desktop/GalaxyGang/Content/Textures/DryTXs/DryBlue_TX.uasset'
[2018.02.09-02.01.46:325][ 93]LogSavePackage:Display: Finished SavePackage ../../../../../../Users/Richa/Desktop/GalaxyGang/Content/Textures/DryTXs/DryBlue_TX.uasset
[2018.02.09-02.01.49:339][188]AssetReimport: Info Reimported asset LevitatingPlatformRibbon_TX from C:/Users/Richa/Desktop/GalaxyGang/Content/Textures/DryTXs/LevitatingPlatformRibbon_TX.png.
[2018.02.09-02.01.49:339][188]AssetReimport: Info Reimported asset DryYellow_TX from C:/Users/Richa/Desktop/GalaxyGang/Content/Textures/DryTXs/DryYellow_TX.png.
[2018.02.09-02.01.49:339][188]AssetReimport: Info Reimported asset LevitatingPlatform_OutsideTX from C:/Users/Richa/Desktop/GalaxyGang/Content/Textures/DryTXs/LevitatingPlatform_OutsideTX.png.
[2018.02.09-02.01.49:339][188]AssetReimport: Info Reimported asset DryOrange_TX from C:/Users/Richa/Desktop/GalaxyGang/Content/Textures/DryTXs/DryOrange_TX.png.
[2018.02.09-02.01.49:339][188]AssetReimport: Info Reimported asset DryGreen_TX from C:/Users/Richa/Desktop/GalaxyGang/Content/Textures/DryTXs/DryGreen_TX.png.
[2018.02.09-02.01.49:339][188]AssetReimport: Info Reimported asset DryBlue_TX from C:/Users/Richa/Desktop/GalaxyGang/Content/Textures/DryTXs/DryBlue_TX.png.
[2018.02.09-02.01.58:745][466]Cmd: MAP LOAD FILE="../../../../../../Users/Richa/Desktop/GalaxyGang/Content/Levels/W01_GalaxyOfDreams/Galaxy_Of_Dreams+Home_Fountain_Island.umap" TEMPLATE=0 SHOWPROGRESS=1 FEATURELEVEL=3
[2018.02.09-02.01.58:766][466]LightingResults: New page: Lighting Build
[2018.02.09-02.02.01:030][466]LogContentBrowser: Native class hierarchy updated for 'StatsViewer' in 0.0007 seconds. Added 5 classes and 0 folders.
[2018.02.09-02.02.01:054][466]LoadErrors: New page: Loading map: Galaxy_Of_Dreams+Home_Fountain_Island.umap
[2018.02.09-02.02.01:520][466]MapCheck: New page: Map Check
[2018.02.09-02.02.01:520][466]LightingResults: New page: Lighting Build
[2018.02.09-02.02.04:243][466]LogSlate: Took 0.014294 seconds to synchronously load lazily loaded font '../../../Engine/Content/Slate/Fonts/Roboto-Regular.ttf' (155K)
[2018.02.09-02.02.05:716][466]LogBlueprint:Warning: [CharacterDanny1] 'CurrentHealth' variable not found. Base class was probably changed.
[2018.02.09-02.02.05:716][466]LogBlueprint:Warning: [CharacterDanny1] 'CurrentHealth' variable not found. Base class was probably changed.
[2018.02.09-02.02.05:719][466]LogBlueprint:Warning: [CharacterDanny1] 'Resume_Button' variable not found. Base class was probably changed.
[2018.02.09-02.02.05:824][466]LogBlueprint:Warning: [CharacterDanny] 'CurrentHealth' variable not found. Base class was probably changed.
[2018.02.09-02.02.05:824][466]LogBlueprint:Warning: [CharacterDanny] 'CurrentHealth' variable not found. Base class was probably changed.
[2018.02.09-02.02.05:828][466]LogBlueprint:Warning: [CharacterDanny] 'Resume_Button' variable not found. Base class was probably changed.
[2018.02.09-02.02.06:110][466]LogBlueprint:Warning: [MainHUD] 'Percentage' variable not found. Base class was probably changed.
[2018.02.09-02.02.06:110][466]LogBlueprint:Warning: [MainHUD] 'Health' variable not found. Base class was probably changed.
[2018.02.09-02.02.06:111][466]LogBlueprint:Warning: [MainHUD] 'MaxHealth' variable not found. Base class was probably changed.
[2018.02.09-02.02.06:111][466]LogBlueprint:Warning: [MainHUD] 'DannyHealthImage' variable not found. Base class was probably changed.
[2018.02.09-02.02.07:805][466]LogLinker:Warning: Can't find file '/Game/Textures/StartUpTextures/T_Perlin_Noise_M'
[2018.02.09-02.02.07:828][466]LogLinker:Warning: Can't find file for asset '/Game/Textures/StartUpTextures/T_Perlin_Noise_M' while loading ../../../../../../Users/Richa/Desktop/GalaxyGang/Content/Materials/PirateMats/M_Water_Ocean_MINE23.uasset.
[2018.02.09-02.02.07:828][466]LoadErrors:Error: Error /Game/Materials/PirateMats/M_Water_Ocean_MINE23 : Can't find file for asset. /Game/Textures/StartUpTextures/T_Perlin_Noise_M
[2018.02.09-02.02.07:829][466]LogLinker:Warning: Can't find file '/Game/Textures/StartUpTextures/T_Water_M'
[2018.02.09-02.02.07:829][466]LogLinker:Warning: Can't find file for asset '/Game/Textures/StartUpTextures/T_Water_M' while loading ../../../../../../Users/Richa/Desktop/GalaxyGang/Content/Materials/PirateMats/M_Water_Ocean_MINE23.uasset.
[2018.02.09-02.02.07:829][466]LoadErrors:Error: Error /Game/Materials/PirateMats/M_Water_Ocean_MINE23 : Can't find file for asset. /Game/Textures/StartUpTextures/T_Water_M
[2018.02.09-02.02.07:830][466]LogLinker:Warning: Can't find file '/Game/Textures/StartUpTextures/T_Water_N'
[2018.02.09-02.02.07:830][466]LogLinker:Warning: Can't find file for asset '/Game/Textures/StartUpTextures/T_Water_N' while loading ../../../../../../Users/Richa/Desktop/GalaxyGang/Content/Materials/PirateMats/M_Water_Ocean_MINE23.uasset.
[2018.02.09-02.02.07:830][466]LoadErrors:Error: Error /Game/Materials/PirateMats/M_Water_Ocean_MINE23 : Can't find file for asset. /Game/Textures/StartUpTextures/T_Water_N
[2018.02.09-02.02.07:830][466]LogLinker:Warning: Can't find file '/Game/Textures/StartUpTextures/T_Perlin_Noise_M'
[2018.02.09-02.02.07:830][466]LogLinker:Warning: Can't find file for asset '/Game/Textures/StartUpTextures/T_Perlin_Noise_M' while loading ../../../../../../Users/Richa/Desktop/GalaxyGang/Content/Materials/PirateMats/M_Water_Ocean_MINE23.uasset.
[2018.02.09-02.02.07:830][466]LogLinker:Warning: Can't find file '/Game/Textures/StartUpTextures/T_Water_M'
[2018.02.09-02.02.07:830][466]LogLinker:Warning: Can't find file for asset '/Game/Textures/StartUpTextures/T_Water_M' while loading ../../../../../../Users/Richa/Desktop/GalaxyGang/Content/Materials/PirateMats/M_Water_Ocean_MINE23.uasset.
[2018.02.09-02.02.07:830][466]LogLinker:Warning: Can't find file '/Game/Textures/StartUpTextures/T_Water_N'
[2018.02.09-02.02.07:831][466]LogLinker:Warning: Can't find file for asset '/Game/Textures/StartUpTextures/T_Water_N' while loading ../../../../../../Users/Richa/Desktop/GalaxyGang/Content/Materials/PirateMats/M_Water_Ocean_MINE23.uasset.
[2018.02.09-02.02.10:541][466]LogLinker:Warning: Can't find file '/Game/Environments/GalaxyofDreams/LandPieces/Material__44'
[2018.02.09-02.02.10:541][466]LogLinker:Warning: Can't find file for asset '/Game/Environments/GalaxyofDreams/LandPieces/Material__44' while loading ../../../../../../Users/Richa/Desktop/GalaxyGang/Content/Environments/GalaxyofDreams/LandPieces/Inv_HomePlanet_Arena.uasset.
[2018.02.09-02.02.10:541][466]LoadErrors:Error: Error /Game/Environments/GalaxyofDreams/LandPieces/Inv_HomePlanet_Arena : Can't find file for asset. /Game/Environments/GalaxyofDreams/LandPieces/Material__44
[2018.02.09-02.02.10:541][466]LogLinker:Warning: Can't find file '/Game/Environments/GalaxyofDreams/LandPieces/Material__44'
[2018.02.09-02.02.10:541][466]LogLinker:Warning: Can't find file for asset '/Game/Environments/GalaxyofDreams/LandPieces/Material__44' while loading ../../../../../../Users/Richa/Desktop/GalaxyGang/Content/Environments/GalaxyofDreams/LandPieces/Inv_HomePlanet_Arena.uasset.
[2018.02.09-02.02.12:142][466]LogLinker:Warning: Can't find file '/Game/Textures/StartUpTextures/T_Perlin_Noise_M'
[2018.02.09-02.02.12:162][466]LoadErrors: Info Failed to load /Game/Textures/StartUpTextures/T_Perlin_Noise_M.T_Perlin_Noise_M Referenced by MaterialExpressionTextureSample_10
[2018.02.09-02.02.12:162][466]LogLinker:Warning: Can't find file for asset '/Game/Textures/StartUpTextures/T_Perlin_Noise_M' while loading NULL.
[2018.02.09-02.02.12:169][466]LogLinker:Warning: Can't find file '/Game/Textures/StartUpTextures/T_Water_M'
[2018.02.09-02.02.12:169][466]LoadErrors: Info Failed to load /Game/Textures/StartUpTextures/T_Water_M.T_Water_M Referenced by MaterialExpressionTextureSample_2
[2018.02.09-02.02.12:170][466]LogLinker:Warning: Can't find file for asset '/Game/Textures/StartUpTextures/T_Water_M' while loading NULL.
[2018.02.09-02.02.12:170][466]LogLinker:Warning: Can't find file '/Game/Textures/StartUpTextures/T_Water_M'
[2018.02.09-02.02.12:170][466]LoadErrors: Info Failed to load /Game/Textures/StartUpTextures/T_Water_M.T_Water_M Referenced by MaterialExpressionTextureSample_3
[2018.02.09-02.02.12:170][466]LogLinker:Warning: Can't find file for asset '/Game/Textures/StartUpTextures/T_Water_M' while loading NULL.
[2018.02.09-02.02.12:170][466]LogLinker:Warning: Can't find file '/Game/Textures/StartUpTextures/T_Water_N'
[2018.02.09-02.02.12:170][466]LoadErrors: Info Failed to load /Game/Textures/StartUpTextures/T_Water_N.T_Water_N Referenced by MaterialExpressionTextureSample_7
[2018.02.09-02.02.12:170][466]LogLinker:Warning: Can't find file for asset '/Game/Textures/StartUpTextures/T_Water_N' while loading NULL.
[2018.02.09-02.02.12:171][466]LogLinker:Warning: Can't find file '/Game/Textures/StartUpTextures/T_Water_N'
[2018.02.09-02.02.12:171][466]LoadErrors: Info Failed to load /Game/Textures/StartUpTextures/T_Water_N.T_Water_N Referenced by MaterialExpressionTextureSample_8
[2018.02.09-02.02.12:171][466]LogLinker:Warning: Can't find file for asset '/Game/Textures/StartUpTextures/T_Water_N' while loading NULL.
[2018.02.09-02.02.12:171][466]LogLinker:Warning: Can't find file '/Game/Textures/StartUpTextures/T_Water_N'
[2018.02.09-02.02.12:171][466]LoadErrors: Info Failed to load /Game/Textures/StartUpTextures/T_Water_N.T_Water_N Referenced by MaterialExpressionTextureSample_9
[2018.02.09-02.02.12:171][466]LogLinker:Warning: Can't find file for asset '/Game/Textures/StartUpTextures/T_Water_N' while loading NULL.
[2018.02.09-02.02.14:449][466]LogLinker:Warning: Can't find file '/Game/Environments/GalaxyofDreams/LandPieces/Material__44'
[2018.02.09-02.02.14:449][466]LoadErrors: Info Failed to load /Game/Environments/GalaxyofDreams/LandPieces/Material__44.Material__44 Referenced by Inv_HomePlanet_Arena
[2018.02.09-02.02.14:449][466]LogLinker:Warning: Can't find file for asset '/Game/Environments/GalaxyofDreams/LandPieces/Material__44' while loading NULL.
[2018.02.09-02.02.23:910][466]LogMaterial: Missing cached shader map for material M_Water_Ocean_MINE23, compiling. 
[2018.02.09-02.02.23:949][466]LogMaterial:Warning: Failed to compile Material /Game/Materials/PirateMats/M_Water_Ocean_MINE23.M_Water_Ocean_MINE23 for platform PCD3D_SM5, Default Material will be used in game.
[2018.02.09-02.02.23:949][466]LogMaterial:Warning: 	(Node TextureSample) TextureSample> Missing input texture
[2018.02.09-02.02.27:311][466]LogAIModule: Creating AISystem for world Galaxy_Of_Dreams+Home_Fountain_Island
[2018.02.09-02.02.28:453][466]LogEditorServer: Finished looking for orphan Actors (0.000 secs)
[2018.02.09-02.02.28:626][466]Cmd: MAP CHECKDEP NOCLEARLOG
[2018.02.09-02.02.28:725][466]MapCheck: Info Map check complete: 0 Error(s), 0 Warning(s), took 98.647ms to complete.
[2018.02.09-02.02.28:725][466]LogFileHelpers: Loading map 'Galaxy_Of_Dreams+Home_Fountain_Island' took 29.986
[2018.02.09-02.02.41:932][620]Cmd: CAMERA ALIGN ACTIVEVIEWPORTONLY
[2018.02.09-02.02.41:932][620]Can't find target actor or component.
[2018.02.09-02.02.42:905][634]Cmd: CAMERA ALIGN ACTIVEVIEWPORTONLY
[2018.02.09-02.02.42:905][634]Can't find target actor or component.
[2018.02.09-02.02.44:201][646]Cmd: CAMERA ALIGN ACTIVEVIEWPORTONLY
[2018.02.09-02.02.51:458][772]Cmd: CAMERA ALIGN ACTIVEVIEWPORTONLY
[2018.02.09-02.02.53:450][803]LogEditorViewport: Clicking on Actor (LMB): StaticMeshActor (Rock4_B)
[2018.02.09-02.03.00:061][909]LogLinker:Warning: Can't find file '/Game/GalaxyGangGame/Blueprints/ThirdPersonGameMode'
[2018.02.09-02.03.00:062][909]LogLinker:Warning: Can't find file '/Game/GalaxyGangGame/Blueprints/ThirdPersonGameMode'
[2018.02.09-02.03.00:063][909]LogUObjectGlobals:Warning: Failed to find object 'Object /Game/GalaxyGangGame/Blueprints/ThirdPersonGameMode.ThirdPersonGameMode_C'
[2018.02.09-02.03.02:819][954]LogContentBrowser: Native class hierarchy updated for 'BlueprintGraph' in 0.0012 seconds. Added 112 classes and 0 folders.
[2018.02.09-02.03.04:541][954]LogSlate: Took 0.018060 seconds to synchronously load lazily loaded font '../../../Engine/Content/Editor/Slate/Fonts/Roboto-BoldCondensed.ttf' (158K)
[2018.02.09-02.03.05:042][955]LogSlate: Took 0.046600 seconds to synchronously load lazily loaded font '../../../Engine/Content/Editor/Slate/Fonts/Roboto-Italic.ttf' (157K)
[2018.02.09-02.06.39:018][167]LogObjectTools:Warning: ForceReplaceReferences replaced references for a transient object 'DEADCLASS_SaveData_C_0' or package '/Engine/Transient'.
[2018.02.09-02.06.39:018][167]LogObjectTools:Warning: ForceReplaceReferences replaced references for a transient object 'DEADCLASS_SaveData_C_1' or package '/Engine/Transient'.
[2018.02.09-02.06.39:018][167]LogObjectTools:Warning: ForceReplaceReferences replaced references for a transient object 'Jewels' or package '/Game/Blueprints/Widgets/MainHUD'.
[2018.02.09-02.06.39:018][167]LogObjectTools:Warning: ForceReplaceReferences replaced references for a transient object 'JewelGameData' or package '/Game/Blueprints/Widgets/MainHUD'.
[2018.02.09-02.06.39:018][167]LogObjectTools:Warning: ForceReplaceReferences replaced references for a transient object 'TestVar' or package '/Engine/Transient'.
[2018.02.09-02.06.39:018][167]LogObjectTools:Warning: ForceReplaceReferences replaced references for a transient object 'YellowActive' or package '/Engine/Transient'.
[2018.02.09-02.06.39:018][167]LogObjectTools:Warning: ForceReplaceReferences replaced references for a transient object 'PurpleActive' or package '/Engine/Transient'.
[2018.02.09-02.06.39:018][167]LogObjectTools:Warning: ForceReplaceReferences replaced references for a transient object 'GreenActive' or package '/Engine/Transient'.
[2018.02.09-02.06.39:018][167]LogObjectTools:Warning: ForceReplaceReferences replaced references for a transient object 'Yellow' or package '/Engine/Transient'.
[2018.02.09-02.06.39:018][167]LogObjectTools:Warning: ForceReplaceReferences replaced references for a transient object 'Purple' or package '/Engine/Transient'.
[2018.02.09-02.06.39:018][167]LogObjectTools:Warning: ForceReplaceReferences replaced references for a transient object 'Green' or package '/Engine/Transient'.
[2018.02.09-02.06.39:019][167]LogObjectTools:Warning: ForceReplaceReferences replaced references for a transient object 'First' or package '/Engine/Transient'.
[2018.02.09-02.06.39:019][167]LogObjectTools:Warning: ForceReplaceReferences replaced references for a transient object 'Starpad#' or package '/Engine/Transient'.
[2018.02.09-02.06.39:019][167]LogObjectTools:Warning: ForceReplaceReferences replaced references for a transient object 'SaveGame' or package '/Game/Blueprints/LevelDataInfo'.
[2018.02.09-02.06.39:019][167]LogObjectTools:Warning: ForceReplaceReferences replaced references for a transient object 'REINST_SKEL_SaveData_C_213' or package '/Engine/Transient'.
[2018.02.09-02.06.39:019][167]LogObjectTools:Warning: ForceReplaceReferences replaced references for a transient object 'REINST_SaveData_C_212' or package '/Engine/Transient'.
[2018.02.09-02.06.40:755][167]SourceControl: Info rm 'Content/Blueprints/SaveData.uasset'
[2018.02.09-02.07.28:748][883]SourceControl: Info fatal: C:/Program Files/Epic Games/UE_4.15/Engine/Content/: 'C:/Program Files/Epic Games/UE_4.15/Engine/Content/' is outside repository
[2018.02.09-02.07.52:300][883]Cmd: OBJ SAVEPACKAGE PACKAGE="/Game/Blueprints/GameData" FILE="../../../../../../Users/Richa/Desktop/GalaxyGang/Content/Blueprints/GameData.uasset" SILENT=true
[2018.02.09-02.07.52:352][883]LogSavePackage: Save=38.38ms
[2018.02.09-02.07.52:352][883]LogSavePackage: Moving '../../../../../../Users/Richa/Desktop/GalaxyGang/Saved/GameData6A7322824182F520A591439EB6D9FCC3.tmp' to '../../../../../../Users/Richa/Desktop/GalaxyGang/Content/Blueprints/GameData.uasset'
[2018.02.09-02.07.52:363][883]LogSavePackage:Display: Finished SavePackage ../../../../../../Users/Richa/Desktop/GalaxyGang/Content/Blueprints/GameData.uasset
[2018.02.09-02.07.52:369][883]Cmd: OBJ SAVEPACKAGE PACKAGE="/Game/Blueprints/LevelDataInfo" FILE="../../../../../../Users/Richa/Desktop/GalaxyGang/Content/Blueprints/LevelDataInfo.uasset" SILENT=true
[2018.02.09-02.07.52:470][883]LogSavePackage: Save=92.04ms
[2018.02.09-02.07.52:470][883]LogSavePackage: Moving '../../../../../../Users/Richa/Desktop/GalaxyGang/Saved/LevelDataInfoA0D9FE144FA286DA8C6111A3CA74BEC5.tmp' to '../../../../../../Users/Richa/Desktop/GalaxyGang/Content/Blueprints/LevelDataInfo.uasset'
[2018.02.09-02.07.52:475][883]LogSavePackage:Display: Finished SavePackage ../../../../../../Users/Richa/Desktop/GalaxyGang/Content/Blueprints/LevelDataInfo.uasset
[2018.02.09-02.07.52:484][883]Cmd: OBJ SAVEPACKAGE PACKAGE="/Game/Blueprints/Widgets/MainHUD" FILE="../../../../../../Users/Richa/Desktop/GalaxyGang/Content/Blueprints/Widgets/MainHUD.uasset" SILENT=true
[2018.02.09-02.07.52:761][883]LogSavePackage: Save=261.73ms
[2018.02.09-02.07.52:761][883]LogSavePackage: Moving '../../../../../../Users/Richa/Desktop/GalaxyGang/Saved/MainHUDCDAD88F24853BAEA834261AE035288C3.tmp' to '../../../../../../Users/Richa/Desktop/GalaxyGang/Content/Blueprints/Widgets/MainHUD.uasset'
[2018.02.09-02.07.52:767][883]LogSavePackage:Display: Finished SavePackage ../../../../../../Users/Richa/Desktop/GalaxyGang/Content/Blueprints/Widgets/MainHUD.uasset
[2018.02.09-02.07.52:804][883]LogPackageName:Error: Illegal call to DoesPackageExist: '../../../../../../Users/Richa/Desktop/GalaxyGang/GalaxyGangGame.uproject' is not a standard unreal filename or a long path name. Reason: Path should be no less than 4 characters long.
[2018.02.09-02.07.53:866][883]LogStats: FPlatformStackWalk::StackWalkAndDump -  1.050 s
[2018.02.09-02.07.53:866][883]LogOutputDevice:Error: === Handled ensure: ===
[2018.02.09-02.07.53:866][883]LogOutputDevice:Error: 
[2018.02.09-02.07.53:866][883]LogOutputDevice:Error: Ensure condition failed: false [File:D:\Build\++UE4+Release-4.15+Compile\Sync\Engine\Source\Runtime\CoreUObject\Private\Misc\PackageName.cpp] [Line: 650]
[2018.02.09-02.07.53:866][883]LogOutputDevice:Error: Illegal call to DoesPackageExist: '../../../../../../Users/Richa/Desktop/GalaxyGang/GalaxyGangGame.uproject' is not a standard unreal filename or a long path name. Reason: Path should be no less than 4 characters long.
[2018.02.09-02.07.53:866][883]LogOutputDevice:Error: Stack: 
[2018.02.09-02.07.53:866][883]LogOutputDevice:Error: UE4Editor-Core.dll!0x00000000374F95E6
[2018.02.09-02.07.53:866][883]LogOutputDevice:Error: UE4Editor-Core.dll!0x00000000372A9B82
[2018.02.09-02.07.53:866][883]LogOutputDevice:Error: UE4Editor-Core.dll!0x00000000372BB666
[2018.02.09-02.07.53:866][883]LogOutputDevice:Error: UE4Editor-CoreUObject.dll!0x000000003D40A6E8
[2018.02.09-02.07.53:866][883]LogOutputDevice:Error: UE4Editor-SourceControl.dll!0x000000003CE73D22
[2018.02.09-02.07.53:866][883]LogOutputDevice:Error: UE4Editor-SourceControl.dll!0x000000003CE73EB9
[2018.02.09-02.07.53:866][883]LogOutputDevice:Error: UE4Editor-SourceControlWindows.dll!0x000000002CE81D2E
[2018.02.09-02.07.53:866][883]LogOutputDevice:Error: UE4Editor-SourceControlWindows.dll!0x000000002CE3B4B5
[2018.02.09-02.07.53:866][883]LogOutputDevice:Error: UE4Editor-SourceControlWindows.dll!0x000000002CE3AA8D
[2018.02.09-02.07.53:866][883]LogOutputDevice:Error: UE4Editor-SourceControlWindows.dll!0x000000002CE4F274
[2018.02.09-02.07.53:866][883]LogOutputDevice:Error: UE4Editor-GitSourceControl.dll!0x0000000062CDB851
[2018.02.09-02.07.53:866][883]LogOutputDevice:Error: UE4Editor-GitSourceControl.dll!0x0000000062CED1ED
[2018.02.09-02.07.53:866][883]LogOutputDevice:Error: UE4Editor-SourceControl.dll!0x000000003CE79C5C
[2018.02.09-02.07.53:866][883]LogOutputDevice:Error: UE4Editor-UnrealEd.dll!0x0000000031857517
[2018.02.09-02.07.53:866][883]LogOutputDevice:Error: UE4Editor-UnrealEd.dll!0x0000000032062196
[2018.02.09-02.07.53:866][883]LogOutputDevice:Error: UE4Editor.exe!0x000000006B01DEE3
[2018.02.09-02.07.53:866][883]LogOutputDevice:Error: UE4Editor.exe!0x000000006B00EB40
[2018.02.09-02.07.53:866][883]LogOutputDevice:Error: UE4Editor.exe!0x000000006B00EBBA
[2018.02.09-02.07.53:866][883]LogOutputDevice:Error: UE4Editor.exe!0x000000006B020A29
[2018.02.09-02.07.53:866][883]LogOutputDevice:Error: UE4Editor.exe!0x000000006B0222B6
[2018.02.09-02.07.53:866][883]LogOutputDevice:Error: KERNEL32.DLL!0x000000008FB81FE4
[2018.02.09-02.07.53:866][883]LogOutputDevice:Error: ntdll.dll!0x000000009199EFB1
[2018.02.09-02.07.53:866][883]LogOutputDevice:Error: 
[2018.02.09-02.07.53:871][883]LogStats:                SubmitErrorReport -  0.000 s
