Log file open, 02/12/18 15:31:00
LogInit:Display: Running engine for game: GalaxyGangGame
LogPlatformFile: Not using cached read wrapper
LogInit:Display: RandInit(-1343553208) SRandInit(-1343553207).
LogTaskGraph: Started task graph with 5 named threads and 8 total threads with 1 sets of task threads.
LogStats: Stats thread started at 0.119498
LogInit: Using libcurl 7.47.1
LogInit:  - built for x86_64-pc-win32
LogInit:  - supports SSL with OpenSSL/1.0.2g
LogInit:  - supports HTTP deflate (compression) using libz 1.2.8
LogInit:  - other features:
LogInit:      CURL_VERSION_SSL
LogInit:      CURL_VERSION_LIBZ
LogInit:      CURL_VERSION_IPV6
LogInit:      CURL_VERSION_ASYNCHDNS
LogInit:      CURL_VERSION_LARGEFILE
LogInit:      CURL_VERSION_IDN
LogInit:  CurlRequestOptions (configurable via config and command line):
LogInit:  - bVerifyPeer = false  - Libcurl will NOT verify peer certificate
LogInit:  - bUseHttpProxy = false  - Libcurl will NOT use HTTP proxy
LogInit:  - bDontReuseConnections = false  - Libcurl will reuse connections
LogInit:  - CertBundlePath = nullptr  - Libcurl will use whatever was configured at build time.
LogInit: Build: ++UE4+Release-4.15-CL-3450819
LogInit: Engine Version: 4.15.3-3450819+++UE4+Release-4.15
LogInit: Compatible Engine Version: 4.15.0-3299760+++UE4+Release-4.15
LogInit: Net CL: 3299760
LogDevObjectVersion: Number of dev versions registered: 14
LogDevObjectVersion:   Dev-Blueprints (B0D832E4-1F89-4F0D-ACCF-7EB736FD4AA2): 8
LogDevObjectVersion:   Dev-Build (E1C64328-A22C-4D53-A36C-8E866417BD8C): 0
LogDevObjectVersion:   Dev-Core (375EC13C-06E4-48FB-B500-84F0262A717E): 2
LogDevObjectVersion:   Dev-Editor (E4B068ED-F494-42E9-A231-DA0B2E46BB41): 14
LogDevObjectVersion:   Dev-Framework (CFFC743F-43B0-4480-9391-14DF171D2073): 22
LogDevObjectVersion:   Dev-Mobile (B02B49B5-BB20-44E9-A304-32B752E40360): 0
LogDevObjectVersion:   Dev-Networking (A4E4105C-59A1-49B5-A7C5-40C4547EDFEE): 0
LogDevObjectVersion:   Dev-Online (39C831C9-5AE6-47DC-9A44-9C173E1C8E7C): 0
LogDevObjectVersion:   Dev-Physics (78F01B33-EBEA-4F98-B9B4-84EACCB95AA2): 0
LogDevObjectVersion:   Dev-Platform (6631380F-2D4D-43E0-8009-CF276956A95A): 0
LogDevObjectVersion:   Dev-Rendering (12F88B9F-8875-4AFC-A67C-D90C383ABD29): 12
LogDevObjectVersion:   Dev-Sequencer (7B5AE74C-D270-4C10-A958-57980B212A5A): 3
LogDevObjectVersion:   Dev-VR (D7296918-1DD6-4BDD-9DE2-64A83CC13884): 0
LogDevObjectVersion:   Dev-LoadTimes (C2A15278-BFE7-4AFE-6C17-90FF531DF755): 1
LogInit: Compiled (64-bit): May 21 2017 11:02:34
LogInit: Compiled with Visual C++: 19.00.23026.00
LogInit: Build Configuration: Development
LogInit: Branch Name: ++UE4+Release-4.15
LogInit: Command line: 
LogInit: Base directory: C:/Program Files/Epic Games/UE_4.15/Engine/Binaries/Win64/
LogInit: Installed Engine Build: 1
LogInit: Presizing for max 8388607 objects, including 0 objects not considered by GC, pre-allocating 0 bytes for permanent pool.
LogInit: Object subsystem initialized
[2018.02.12-21.31.02:437][  0]LogInit: Selected Device Profile: [Windows]
[2018.02.12-21.31.02:437][  0]LogInit: Applying CVar settings loaded from the selected device profile: [Windows]
[2018.02.12-21.31.02:466][  0]LogInit: Computer: ACRESPC
[2018.02.12-21.31.02:466][  0]LogInit: User: Dominic
[2018.02.12-21.31.02:466][  0]LogInit: CPU Page size=65536, Cores=4
[2018.02.12-21.31.02:466][  0]LogInit: High frequency timer resolution =3.433159 MHz
[2018.02.12-21.31.02:466][  0]LogMemory: Memory total: Physical=16.0GB (16GB approx)
[2018.02.12-21.31.02:466][  0]LogMemory: Platform Memory Stats for Windows
[2018.02.12-21.31.02:466][  0]LogMemory: Process Physical Memory: 285.58 MB used, 285.58 MB peak
[2018.02.12-21.31.02:466][  0]LogMemory: Process Virtual Memory: 290.93 MB used, 290.93 MB peak
[2018.02.12-21.31.02:466][  0]LogMemory: Physical Memory: 9015.77 MB used,  7349.77 MB free, 16365.54 MB total
[2018.02.12-21.31.02:466][  0]LogMemory: Virtual Memory: 712.00 MB used,  7349.77 MB free, 134217728.00 MB total
[2018.02.12-21.31.02:798][  0]LogTextLocalizationManager: No specific translations for ('en-US') exist, so ('en') translations will be used.
[2018.02.12-21.31.03:809][  0]LogD3D11RHI: D3D11 adapters:
[2018.02.12-21.31.03:911][  0]LogD3D11RHI:    0. 'NVIDIA GeForce GTX 970' (Feature Level 11_0)
[2018.02.12-21.31.03:911][  0]LogD3D11RHI:       4058/0/8182 MB DedicatedVideo/DedicatedSystem/SharedSystem, Outputs:1, VendorId:0x10de
[2018.02.12-21.31.04:008][  0]LogD3D11RHI:    1. 'Microsoft Basic Render Driver' (Feature Level 11_0)
[2018.02.12-21.31.04:008][  0]LogD3D11RHI:       0/0/8182 MB DedicatedVideo/DedicatedSystem/SharedSystem, Outputs:0, VendorId:0x1414
[2018.02.12-21.31.04:008][  0]LogD3D11RHI: Chosen D3D11 Adapter: 0
[2018.02.12-21.31.04:021][  0]LogD3D11RHI: Creating new Direct3DDevice
[2018.02.12-21.31.04:021][  0]LogD3D11RHI:     GPU DeviceId: 0x13c2 (for the marketing name, search the web for "GPU Device Id")
[2018.02.12-21.31.04:021][  0]LogWindows: EnumDisplayDevices:
[2018.02.12-21.31.04:021][  0]LogWindows:    0. 'NVIDIA GeForce GTX 970' (P:1 D:1)
[2018.02.12-21.31.04:021][  0]LogWindows:    1. 'NVIDIA GeForce GTX 970' (P:0 D:0)
[2018.02.12-21.31.04:021][  0]LogWindows:    2. 'NVIDIA GeForce GTX 970' (P:0 D:0)
[2018.02.12-21.31.04:022][  0]LogWindows:    3. 'NVIDIA GeForce GTX 970' (P:0 D:0)
[2018.02.12-21.31.04:022][  0]LogWindows: DebugString: GetVideoDriverDetailsInvalid PrimaryIsNotTheChoosenAdapter GetVideoDriverDetailsInvalid PrimaryIsNotTheChoosenAdapter GetVideoDriverDetailsInvalid PrimaryIsNotTheChoosenAdapter GetVideoDriverDetailsInvalid PrimaryIsNotTheChoosenAdapter FoundDriverCount:0 
[2018.02.12-21.31.04:022][  0]LogD3D11RHI:     Adapter Name: NVIDIA GeForce GTX 970
[2018.02.12-21.31.04:022][  0]LogD3D11RHI:   Driver Version: Unknown (internal:Unknown, unified:Unknown)
[2018.02.12-21.31.04:022][  0]LogD3D11RHI:      Driver Date: Unknown
[2018.02.12-21.31.04:022][  0]LogRHI: Texture pool is 1361 MB (70% of 1945 MB)
[2018.02.12-21.31.04:067][  0]LogD3D11RHI: Async texture creation enabled
[2018.02.12-21.31.04:085][  0]LogD3D11RHI: GPU Timing Frequency: 1000.000000 (Debug: 2 1)
[2018.02.12-21.31.04:136][  0]LogShaderCompilers: Guid format shader working directory is -12 characters bigger than the processId version (../../../../../../Users/Dominic/Documents/GitHub/GalaxyGang/Intermediate/Shaders/WorkingDirectory/15264/).
[2018.02.12-21.31.04:136][  0]LogShaderCompilers: Cleaned the shader compiler working directory 'C:/Users/Dominic/AppData/Local/Temp/UnrealShaderWorkingDir/5F32AF844828EB66F2F857B3B59FDD14/'.
[2018.02.12-21.31.04:136][  0]LogShaderCompilers:Display: Using Local Shader Compiler.
[2018.02.12-21.31.08:837][  0]LogTemp:Display: Loaded TP AllDesktopTargetPlatform
[2018.02.12-21.31.08:951][  0]LogTemp:Display: Loaded TP MacClientTargetPlatform
[2018.02.12-21.31.09:071][  0]LogTemp:Display: Loaded TP MacNoEditorTargetPlatform
[2018.02.12-21.31.09:191][  0]LogTemp:Display: Loaded TP MacServerTargetPlatform
[2018.02.12-21.31.09:336][  0]LogTemp:Display: Loaded TP MacTargetPlatform
[2018.02.12-21.31.09:460][  0]LogTemp:Display: Loaded TP WindowsClientTargetPlatform
[2018.02.12-21.31.09:573][  0]LogTemp:Display: Loaded TP WindowsNoEditorTargetPlatform
[2018.02.12-21.31.09:684][  0]LogTemp:Display: Loaded TP WindowsServerTargetPlatform
[2018.02.12-21.31.09:787][  0]LogTemp:Display: Loaded TP WindowsTargetPlatform
[2018.02.12-21.31.09:923][  0]LogTemp:Display: Loaded TP AndroidTargetPlatform
[2018.02.12-21.31.10:034][  0]LogTemp:Display: Loaded TP Android_ASTCTargetPlatform
[2018.02.12-21.31.10:142][  0]LogTemp:Display: Loaded TP Android_ATCTargetPlatform
[2018.02.12-21.31.10:254][  0]LogTemp:Display: Loaded TP Android_DXTTargetPlatform
[2018.02.12-21.31.10:365][  0]LogTemp:Display: Loaded TP Android_ETC1TargetPlatform
[2018.02.12-21.31.10:478][  0]LogTemp:Display: Loaded TP Android_ETC2TargetPlatform
[2018.02.12-21.31.10:698][  0]LogTemp:Display: Loaded TP Android_MultiTargetPlatform
[2018.02.12-21.31.10:698][  0]LogTemp:Display: Loaded TP Android_PVRTCTargetPlatform
[2018.02.12-21.31.10:786][  0]LogTemp:Display: Loaded TP HTML5TargetPlatform
[2018.02.12-21.31.10:987][  0]LogTemp:Display: Loaded TP IOSTargetPlatform
[2018.02.12-21.31.11:058][  0]LogTemp:Display: Loaded TP TVOSTargetPlatform
[2018.02.12-21.31.11:170][  0]LogTemp:Display: Loaded TP LinuxClientTargetPlatform
[2018.02.12-21.31.11:280][  0]LogTemp:Display: Loaded TP LinuxNoEditorTargetPlatform
[2018.02.12-21.31.11:391][  0]LogTemp:Display: Loaded TP LinuxServerTargetPlatform
[2018.02.12-21.31.11:502][  0]LogTemp:Display: Loaded TP LinuxTargetPlatform
[2018.02.12-21.31.11:502][  0]LogTargetPlatformManager:Display: Building Assets For Windows
[2018.02.12-21.31.12:637][  0]LogDerivedDataCache:Display: Max Cache Size: 512 MB
[2018.02.12-21.31.13:243][  0]LogDerivedDataCache: Loaded boot cache 0.61s 52MB C:/Users/Dominic/AppData/Local/UnrealEngine/4.15/DerivedDataCache/Boot.ddc.
[2018.02.12-21.31.13:243][  0]LogDerivedDataCache:Display: Loaded Boot cache: C:/Users/Dominic/AppData/Local/UnrealEngine/4.15/DerivedDataCache/Boot.ddc
[2018.02.12-21.31.13:243][  0]LogDerivedDataCache: FDerivedDataBackendGraph:  Pak pak cache file ../../../../../../Users/Dominic/Documents/GitHub/GalaxyGang/DerivedDataCache/DDC.ddp not found, will not use a pak cache.
[2018.02.12-21.31.13:243][  0]LogDerivedDataCache: Unable to find inner node Pak for hierarchical cache Hierarchy.
[2018.02.12-21.31.13:243][  0]LogDerivedDataCache: FDerivedDataBackendGraph:  CompressedPak pak cache file ../../../../../../Users/Dominic/Documents/GitHub/GalaxyGang/DerivedDataCache/Compressed.ddp not found, will not use a pak cache.
[2018.02.12-21.31.13:243][  0]LogDerivedDataCache: Unable to find inner node CompressedPak for hierarchical cache Hierarchy.
[2018.02.12-21.31.13:267][  0]LogDerivedDataCache:Display: Pak cache opened for reading ../../../Engine/DerivedDataCache/Compressed.ddp.
[2018.02.12-21.31.13:279][  0]LogDerivedDataCache: Using Local data cache path C:/Users/Dominic/AppData/Local/UnrealEngine/Common/DerivedDataCache: Writable
[2018.02.12-21.31.13:295][  0]LogSlate: Using Freetype 2.6.0
[2018.02.12-21.31.13:296][  0]LogSlate: SlateFontCache - WITH_FREETYPE: 1, WITH_HARFBUZZ: 1
[2018.02.12-21.31.13:296][  0]LogSlate: SlateFontCache - WITH_FREETYPE: 1, WITH_HARFBUZZ: 1
[2018.02.12-21.31.13:908][  0]LogInit: Selected Device Profile: [Windows]
[2018.02.12-21.31.13:913][  0]LogContentStreaming: Texture pool size is 0.00 MB
[2018.02.12-21.31.14:346][  0]LogMeshUtilities: Using QuadricMeshReduction for automatic static mesh reduction
[2018.02.12-21.31.14:478][  0]LogSimplygon: Simplygon DLL not present - disabling.
[2018.02.12-21.31.14:606][  0]LogMeshUtilities: Using SimplygonSwarm for distributed automatic mesh merging
[2018.02.12-21.31.14:606][  0]LogMeshUtilities: No automatic skeletal mesh reduction module available
[2018.02.12-21.31.14:606][  0]LogMeshUtilities: No automatic mesh merging module available
[2018.02.12-21.31.15:573][  0]LogNetVersion: GetLocalNetworkVersion: CL: 3299760, ProjectName: galaxyganggame, ProjectVersion: , EngineNetworkVersion: 2, GameNetworkVersion: 0, NetworkChecksum: 3878788453
[2018.02.12-21.31.15:647][  0]LogAssetRegistry: FAssetRegistry took 0.0216 seconds to start up
[2018.02.12-21.31.15:744][  0]LogPackageLocalizationCache: Processed 3 localized package path(s) for 2 prioritized culture(s) in 0.040139 seconds
[2018.02.12-21.31.15:752][  0]LogUObjectArray: 32493 objects as part of root set at end of initial load.
[2018.02.12-21.31.15:752][  0]LogUObjectAllocator: 7077032 out of 0 bytes used by permanent object pool.
[2018.02.12-21.31.15:752][  0]LogUObjectArray: CloseDisregardForGC: 0/0 objects in disregard for GC pool
[2018.02.12-21.31.15:920][  0]LogInit: WinSock: version 1.1 (2.2), MaxSocks=32767, MaxUdp=65467
[2018.02.12-21.31.20:545][  0]LogTcpMessaging: Initializing TcpMessaging bridge
[2018.02.12-21.31.20:629][  0]LogUdpMessaging: Initializing bridge on interface 0.0.0.0:0 to multicast group 230.0.0.1:6666.
[2018.02.12-21.31.23:007][  0]LogMaterial: Uniform references updated for custom material expression Custom.
[2018.02.12-21.31.23:833][  0]SourceControl: Info Source control is disabled
[2018.02.12-21.31.26:850][  0]LogLinker:Warning: Can't find file '/Game/ThirdPersonBP/ThirdPersonOverview'
[2018.02.12-21.31.26:850][  0]LogLinker:Warning: Can't find file '/Game/ThirdPersonBP/ThirdPersonOverview'
[2018.02.12-21.31.26:850][  0]LogUObjectGlobals:Warning: Failed to find object 'Class /Game/ThirdPersonBP/ThirdPersonOverview.ThirdPersonOverview_C'
[2018.02.12-21.31.29:292][  0]LogEngine: Initializing Engine...
[2018.02.12-21.31.29:293][  0]LogHMD: Failed to initialize OpenVR with code 110
[2018.02.12-21.31.29:439][  0]LogStats: UGameplayTagsManager::ConstructGameplayTagTree: Construct from data asset -  0.000 s
[2018.02.12-21.31.29:439][  0]LogStats: UGameplayTagsManager::ConstructGameplayTagTree: GameplayTagTreeChangedEvent.Broadcast -  0.000 s
[2018.02.12-21.31.29:747][  0]LogAIModule: Creating AISystem for world Untitled
[2018.02.12-21.31.29:840][  0]LogInit: XAudio2 using 'Speakers (Realtek High Definition Audio)' : 2 channels at 48 kHz using 32 bits per sample (channel mask 0x3)
[2018.02.12-21.31.29:902][  0]LogInit: FAudioDevice initialized.
[2018.02.12-21.31.29:960][  0]LogDerivedDataCache: Saved boot cache 0.06s 52MB C:/Users/Dominic/AppData/Local/UnrealEngine/4.15/DerivedDataCache/Boot.ddc.
[2018.02.12-21.31.29:976][  0]LogInit: Texture streaming: Enabled
[2018.02.12-21.31.30:232][  0]LogEngineSessionManager: EngineSessionManager initialized
[2018.02.12-21.31.30:252][  0]LogEngineSessionManager: EngineSessionManager sent abnormal shutdown report. Type=Crashed, SessionId={0EA77D37-4CD9-4A2F-0127-39A6ACC69C77}
[2018.02.12-21.31.30:446][  0]LogInit: Transaction tracking system initialized
[2018.02.12-21.31.31:316][  0]BlueprintLog: New page: Editor Load
[2018.02.12-21.31.33:435][  0]LocalizationService: Info Localization service is disabled
[2018.02.12-21.31.35:168][  0]LogConsoleResponse:Display: 
[2018.02.12-21.31.35:835][  0]LogCook:Display: Max memory allowance for cook 16384mb min free memory 0mb
[2018.02.12-21.31.35:835][  0]LogCook:Display: Mobile HDR setting 1
[2018.02.12-21.31.36:170][  0]LogFileCache: Scanning file cache for directory 'C:/Users/Dominic/Documents/GitHub/GalaxyGang/Content/' took 0.08s
[2018.02.12-21.31.38:885][  0]Cmd: MAP LOAD FILE="../../../../../../Users/Dominic/Documents/GitHub/GalaxyGang/Content/GalaxyGangGame/Levels/Galaxy_Of_Dreams+Home_Fountain_Island.umap" TEMPLATE=0 SHOWPROGRESS=1 FEATURELEVEL=3
[2018.02.12-21.31.38:885][  0]LogEditorServer:Warning: Can't find file '../../../../../../Users/Dominic/Documents/GitHub/GalaxyGang/Content/GalaxyGangGame/Levels/Galaxy_Of_Dreams+Home_Fountain_Island.umap'
[2018.02.12-21.31.38:885][  0]Cmd: MAP CHECKDEP NOCLEARLOG
[2018.02.12-21.31.38:960][  0]MapCheck: Info Map check complete: 0 Error(s), 0 Warning(s), took 74.625ms to complete.
[2018.02.12-21.31.38:960][  0]LogFileHelpers: Loading map 'Galaxy_Of_Dreams+Home_Fountain_Island' took 0.075
[2018.02.12-21.31.39:350][  0]LogCollectionManager: Loaded 1 collections in 0.003893 seconds
[2018.02.12-21.31.39:480][  0]LogFileCache: Scanning file cache for directory 'C:/Users/Dominic/Documents/GitHub/GalaxyGang/Saved/Collections/' took 0.01s
[2018.02.12-21.31.39:480][  0]LogFileCache: Scanning file cache for directory 'C:/Users/Dominic/Documents/GitHub/GalaxyGang/Content/Developers/Dominic/Collections/' took 0.01s
[2018.02.12-21.31.39:480][  0]LogFileCache: Scanning file cache for directory 'C:/Users/Dominic/Documents/GitHub/GalaxyGang/Content/Collections/' took 0.01s
[2018.02.12-21.31.39:480][  0]LogCollectionManager: Rebuilt the GUID cache for 1 collections in 0.000005 seconds
[2018.02.12-21.31.39:480][  0]LogCollectionManager: Rebuilt the hierarchy cache for 1 collections in 0.000000 seconds
[2018.02.12-21.31.39:496][  0]LogContentBrowser: Native class hierarchy populated in 0.0157 seconds. Added 2245 classes and 453 folders.
[2018.02.12-21.31.39:638][  0]LogContentBrowser: Native class hierarchy updated for 'WidgetCarousel' in 0.0007 seconds. Added 0 classes and 0 folders.
[2018.02.12-21.31.40:761][  0]LogContentBrowser: Native class hierarchy updated for 'AddContentDialog' in 0.0008 seconds. Added 0 classes and 0 folders.
[2018.02.12-21.31.40:852][  0]LogContentBrowser: Native class hierarchy updated for 'SceneOutliner' in 0.0007 seconds. Added 1 classes and 2 folders.
[2018.02.12-21.31.41:002][  0]LogCrashTracker: Crashtracker disabled due to settings.
[2018.02.12-21.31.41:014][  0]LogUObjectGlobals:Warning: Failed to find object 'Class None.'
[2018.02.12-21.31.41:129][  0]LogContentBrowser: Native class hierarchy updated for 'HierarchicalLODOutliner' in 0.0009 seconds. Added 1 classes and 2 folders.
[2018.02.12-21.31.41:130][  0]LogLoad: (Engine Initialization) Total time: 42.88 seconds
[2018.02.12-21.31.41:130][  0]LogLoad: (Engine Initialization) Total Blueprint compile time: 0.09 seconds
[2018.02.12-21.31.41:130][  0]LogExternalProfiler: Found external profiler: VSPerf
[2018.02.12-21.31.41:130][  0]LogExternalProfiler: Using external profiler: VSPerf
[2018.02.12-21.31.41:139][  0]LogWindowsTextInputMethodSystem:Display: IME system now deactivated.
[2018.02.12-21.31.41:140][  0]LogOcInput: OculusInput pre-init called
[2018.02.12-21.31.41:272][  0]SourceControl: Info On branch master
[2018.02.12-21.31.41:272][  0]SourceControl: Info Your branch and 'origin/master' have diverged,
[2018.02.12-21.31.41:272][  0]SourceControl: Info and have 3 and 31 different commits each, respectively.
[2018.02.12-21.31.41:272][  0]SourceControl: Info   (use "git pull" to merge the remote branch into yours)
[2018.02.12-21.31.41:272][  0]SourceControl: Info Changes not staged for commit:
[2018.02.12-21.31.41:272][  0]SourceControl: Info   (use "git add <file>..." to update what will be committed)
[2018.02.12-21.31.41:272][  0]SourceControl: Info   (use "git checkout -- <file>..." to discard changes in working directory)
[2018.02.12-21.31.41:273][  0]SourceControl: Info 	modified:   Intermediate/CachedAssetRegistry.bin
[2018.02.12-21.31.41:273][  0]SourceControl: Info no changes added to commit (use "git add" and/or "git commit -a")
[2018.02.12-21.31.41:273][  0]LogContentStreaming: Texture pool size now 1000 MB
[2018.02.12-21.31.41:275][  0]LogSlate: Took 0.000321 seconds to synchronously load lazily loaded font '../../../Engine/Content/Slate/Fonts/Roboto-Regular.ttf' (155K)
[2018.02.12-21.31.41:279][  0]LogSlate: Took 0.000405 seconds to synchronously load lazily loaded font '../../../Engine/Content/Slate/Fonts/Roboto-Bold.ttf' (160K)
[2018.02.12-21.31.41:304][  0]LogSlate: Took 0.018082 seconds to synchronously load lazily loaded font '../../../Engine/Content/Editor/Slate/Fonts/FontAwesome.ttf' (139K)
[2018.02.12-21.31.41:693][  2]LogRenderer: Reallocating scene render targets to support 1092x568 NumSamples 1 (Frame:2).
[2018.02.12-21.31.41:968][  2]LogSlate: Took 0.031142 seconds to synchronously load lazily loaded font '../../../Engine/Content/Slate/Fonts/Roboto-Light.ttf' (159K)
[2018.02.12-21.31.42:415][  4]LogAssetRegistry: Asset discovery search completed in 26.7900 seconds
[2018.02.12-21.31.42:415][  4]LogCollectionManager: Rebuilt the object cache for 1 collections in 0.000019 seconds (found 0 objects)
[2018.02.12-21.31.42:415][  4]LogCollectionManager: Fixed up redirectors for 1 collections in 0.000048 seconds (updated 0 objects)
[2018.02.12-21.31.57:628][ 81]LogSlate: Took 0.000353 seconds to synchronously load lazily loaded font '../../../Engine/Content/Slate/Fonts/Roboto-Light.ttf' (159K)
[2018.02.12-21.32.54:623][252]LogFileCache: Retrieving MD5 hashes for directory 'C:/Users/Dominic/Documents/GitHub/GalaxyGang/Content/' took 73.47s
